#
# There is insufficient memory for the Java Runtime Environment to continue.
# Native memory allocation (mmap) failed to map 15728640 bytes for Failed to commit area from 0x00000000c4f00000 to 0x00000000c5e00000 of length 15728640.
# Possible reasons:
#   The system is out of physical RAM or swap space
#   The process is running with CompressedOops enabled, and the Java Heap may be blocking the growth of the native heap
# Possible solutions:
#   Reduce memory load on the system
#   Increase physical memory or swap space
#   Check if swap backing store is full
#   Decrease Java heap size (-Xmx/-Xms)
#   Decrease number of Java threads
#   Decrease Java thread stack sizes (-Xss)
#   Set larger code cache with -XX:ReservedCodeCacheSize=
#   JVM is running with Unscaled Compressed Oops mode in which the Java heap is
#     placed in the first 4GB address space. The Java Heap base address is the
#     maximum limit for the native heap growth. Please use -XX:HeapBaseMinAddress
#     to set the Java Heap base and to place the Java Heap above 4GB virtual address.
# This output file may be truncated or incomplete.
#
#  Out of Memory Error (./open/src/hotspot/os/windows/os_windows.cpp:3315), pid=3748, tid=7816
#
# JRE version: OpenJDK Runtime Environment (14.0.1+7) (build 14.0.1+7)
# Java VM: OpenJDK 64-Bit Server VM (14.0.1+7, mixed mode, sharing, tiered, compressed oops, g1 gc, windows-amd64)
# No core dump will be written. Minidumps are not enabled by default on client versions of Windows
#

---------------  S U M M A R Y ------------

Command Line: -XX:TieredStopAtLevel=1 -Xverify:none -Dspring.output.ansi.enabled=always -Dcom.sun.management.jmxremote -Dspring.jmx.enabled=true -Dspring.liveBeansView.mbeanDomain -Dspring.application.admin.enabled=true -javaagent:G:\IntelliJ IDEA 2020.1.1\lib\idea_rt.jar=53701:G:\IntelliJ IDEA 2020.1.1\bin -Dfile.encoding=UTF-8 org.sid.customerservice.CustomerServiceApplication

Host: Pentium(R) Dual-Core CPU       T4300  @ 2.10GHz, 2 cores, 3G,  Windows 8.1 , 64 bit Build 9600 (6.3.9600.19843)
Time: Fri Dec 25 13:16:58 2020 Maroc (heure d?été) elapsed time: 147 seconds (0d 0h 2m 27s)

---------------  T H R E A D  ---------------

Current thread (0x00000074b6ff5000):  VMThread "VM Thread" [stack: 0x00000074b7a70000,0x00000074b7b70000] [id=7816]

Stack: [0x00000074b7a70000,0x00000074b7b70000]
[error occurred during error reporting (printing stack bounds), id 0xc0000005, EXCEPTION_ACCESS_VIOLATION (0xc0000005) at pc=0x00000074a36910bd]

Native frames: (J=compiled Java code, j=interpreted, Vv=VM code, C=native code)
V  [jvm.dll+0x5f840a]
V  [jvm.dll+0x741e4a]
V  [jvm.dll+0x7435ff]
V  [jvm.dll+0x743ba5]
V  [jvm.dll+0x743b5b]
V  [jvm.dll+0x5f793f]
V  [jvm.dll+0x5f80a8]
C  [ntdll.dll+0x9345d]
C  [ntdll.dll+0x54937]
C  [ntdll.dll+0x925ea]
C  0x00000074a36910bd

VM_Operation (0x00000074bac23860): G1CollectForAllocation, mode: safepoint, requested by thread 0x00000074b84a1000


---------------  P R O C E S S  ---------------

Threads class SMR info:
_java_thread_list=0x00000074bc925d00, length=20, elements={
0x000000749af4a000, 0x00000074b6ffc000, 0x00000074b7009000, 0x00000074b7019000,
0x00000074b701a000, 0x00000074b701b000, 0x00000074b701c000, 0x00000074b704e000,
0x00000074b84bd000, 0x00000074b876e800, 0x00000074b8c4b800, 0x00000074b8d3b000,
0x00000074b9047800, 0x00000074b84a1000, 0x00000074ba36d800, 0x00000074ba3e2000,
0x00000074bc50a800, 0x00000074bc5bb800, 0x00000074bc5ba800, 0x00000074bc5bc800
}

Java Threads: ( => current thread )
  0x000000749af4a000 JavaThread "main" [_thread_blocked, id=8052, stack(0x000000749a5d0000,0x000000749a6d0000)]
  0x00000074b6ffc000 JavaThread "Reference Handler" daemon [_thread_blocked, id=508, stack(0x00000074b7b70000,0x00000074b7c70000)]
  0x00000074b7009000 JavaThread "Finalizer" daemon [_thread_blocked, id=6852, stack(0x00000074b7c70000,0x00000074b7d70000)]
  0x00000074b7019000 JavaThread "Signal Dispatcher" daemon [_thread_blocked, id=8372, stack(0x00000074b7e70000,0x00000074b7f70000)]
  0x00000074b701a000 JavaThread "Attach Listener" daemon [_thread_blocked, id=7380, stack(0x00000074b7f70000,0x00000074b8070000)]
  0x00000074b701b000 JavaThread "Service Thread" daemon [_thread_blocked, id=6324, stack(0x00000074b8070000,0x00000074b8170000)]
  0x00000074b701c000 JavaThread "C1 CompilerThread0" daemon [_thread_blocked, id=7188, stack(0x00000074b8170000,0x00000074b8270000)]
  0x00000074b704e000 JavaThread "Sweeper thread" daemon [_thread_blocked, id=8792, stack(0x00000074b8270000,0x00000074b8370000)]
  0x00000074b84bd000 JavaThread "Common-Cleaner" daemon [_thread_blocked, id=5448, stack(0x00000074b8770000,0x00000074b8870000)]
  0x00000074b876e800 JavaThread "Monitor Ctrl-Break" daemon [_thread_in_native, id=4840, stack(0x00000074b9170000,0x00000074b9270000)]
  0x00000074b8c4b800 JavaThread "Notification Thread" daemon [_thread_blocked, id=6876, stack(0x00000074b9270000,0x00000074b9370000)]
  0x00000074b8d3b000 JavaThread "RMI TCP Accept-0" daemon [_thread_in_native, id=8972, stack(0x00000074b9750000,0x00000074b9850000)]
  0x00000074b9047800 JavaThread "Thread-0" [_thread_blocked, id=6708, stack(0x00000074baa30000,0x00000074bab30000)]
  0x00000074b84a1000 JavaThread "restartedMain" [_thread_blocked, id=6672, stack(0x00000074bab30000,0x00000074bac30000)]
  0x00000074ba36d800 JavaThread "HikariPool-1 housekeeper" daemon [_thread_blocked, id=8540, stack(0x00000074bae30000,0x00000074baf30000)]
  0x00000074ba3e2000 JavaThread "Catalina-utility-1" [_thread_blocked, id=188, stack(0x00000074bd700000,0x00000074bd800000)]
  0x00000074bc50a800 JavaThread "Catalina-utility-2" [_thread_blocked, id=32, stack(0x00000074bd800000,0x00000074bd900000)]
  0x00000074bc5bb800 JavaThread "container-0" [_thread_blocked, id=8804, stack(0x00000074bd900000,0x00000074bda00000)]
  0x00000074bc5ba800 JavaThread "task-1" [_thread_blocked, id=7836, stack(0x00000074bda00000,0x00000074bdb00000)]
  0x00000074bc5bc800 JavaThread "task-2" [_thread_blocked, id=728, stack(0x00000074bb730000,0x00000074bb830000)]

Other Threads:
=>0x00000074b6ff5000 VMThread "VM Thread" [stack: 0x00000074b7a70000,0x00000074b7b70000] [id=7816]
  0x00000074b8d47000 WatcherThread [stack: 0x00000074b9850000,0x00000074b9950000] [id=2280]
  0x0000007498e6a000 GCTaskThread "GC Thread#0" [stack: 0x000000749ad30000,0x000000749ae30000] [id=8564]
  0x00000074b8735000 GCTaskThread "GC Thread#1" [stack: 0x00000074b9070000,0x00000074b9170000] [id=4980]
  0x0000007498e6e000 ConcurrentGCThread "G1 Main Marker" [stack: 0x00000074b4a50000,0x00000074b4b50000] [id=8220]
  0x000000749af80000 ConcurrentGCThread "G1 Conc#0" [stack: 0x00000074b4b50000,0x00000074b4c50000] [id=4012]
  0x00000074b6e81800 ConcurrentGCThread "G1 Refine#0" [stack: 0x00000074b7070000,0x00000074b7170000] [id=3712]
  0x000000749afbf000 ConcurrentGCThread "G1 Young RemSet Sampling" [stack: 0x00000074b7170000,0x00000074b7270000] [id=4696]

Threads with active compile tasks:

VM state:at safepoint (normal execution)

VM Mutex/Monitor currently owned by a thread:  ([mutex/lock_event])
[0x000000749af46d50] Threads_lock - owner thread: 0x00000074b6ff5000
[0x000000749af45520] Heap_lock - owner thread: 0x00000074b84a1000

Heap address: 0x00000000c0800000, size: 1016 MB, Compressed Oops mode: 32-bit
Narrow klass base: 0x0000000800000000, Narrow klass shift: 3
Compressed class space size: 1073741824 Address: 0x0000000800b30000

Heap:
 garbage-first heap   total 88064K, used 35005K [0x00000000c0800000, 0x0000000100000000)
  region size 1024K, 2 young (2048K), 2 survivors (2048K)
 Metaspace       used 49115K, capacity 50525K, committed 50688K, reserved 1093632K
  class space    used 6789K, capacity 7340K, committed 7424K, reserved 1048576K
Heap Regions: E=young(eden), S=young(survivor), O=old, HS=humongous(starts), HC=humongous(continues), CS=collection set, F=free, OA=open archive, CA=closed archive, TAMS=top-at-mark-start (previous, next)
|   0|0x00000000c0800000, 0x00000000c0900000, 0x00000000c0900000|100%|HS|  |TAMS 0x00000000c0900000, 0x00000000c0900000| Complete 
|   1|0x00000000c0900000, 0x00000000c0a00000, 0x00000000c0a00000|100%| O|  |TAMS 0x00000000c0a00000, 0x00000000c0a00000| Untracked 
|   2|0x00000000c0a00000, 0x00000000c0b00000, 0x00000000c0b00000|100%| O|  |TAMS 0x00000000c0b00000, 0x00000000c0b00000| Untracked 
|   3|0x00000000c0b00000, 0x00000000c0c00000, 0x00000000c0c00000|100%| O|  |TAMS 0x00000000c0c00000, 0x00000000c0c00000| Untracked 
|   4|0x00000000c0c00000, 0x00000000c0d00000, 0x00000000c0d00000|100%| O|  |TAMS 0x00000000c0d00000, 0x00000000c0d00000| Untracked 
|   5|0x00000000c0d00000, 0x00000000c0e00000, 0x00000000c0e00000|100%| O|  |TAMS 0x00000000c0e00000, 0x00000000c0e00000| Untracked 
|   6|0x00000000c0e00000, 0x00000000c0f00000, 0x00000000c0f00000|100%| O|  |TAMS 0x00000000c0f00000, 0x00000000c0f00000| Untracked 
|   7|0x00000000c0f00000, 0x00000000c1000000, 0x00000000c1000000|100%| O|  |TAMS 0x00000000c1000000, 0x00000000c1000000| Untracked 
|   8|0x00000000c1000000, 0x00000000c1100000, 0x00000000c1100000|100%| O|  |TAMS 0x00000000c1100000, 0x00000000c1100000| Untracked 
|   9|0x00000000c1100000, 0x00000000c1200000, 0x00000000c1200000|100%| O|  |TAMS 0x00000000c1200000, 0x00000000c1200000| Untracked 
|  10|0x00000000c1200000, 0x00000000c1300000, 0x00000000c1300000|100%| O|  |TAMS 0x00000000c1300000, 0x00000000c1300000| Untracked 
|  11|0x00000000c1300000, 0x00000000c1400000, 0x00000000c1400000|100%| O|  |TAMS 0x00000000c1400000, 0x00000000c1400000| Untracked 
|  12|0x00000000c1400000, 0x00000000c14b9000, 0x00000000c1500000| 72%| O|  |TAMS 0x00000000c14b9000, 0x00000000c14b9000| Untracked 
|  13|0x00000000c1500000, 0x00000000c1600000, 0x00000000c1600000|100%| O|  |TAMS 0x00000000c1600000, 0x00000000c1600000| Untracked 
|  14|0x00000000c1600000, 0x00000000c1700000, 0x00000000c1700000|100%| O|  |TAMS 0x00000000c1700000, 0x00000000c1700000| Untracked 
|  15|0x00000000c1700000, 0x00000000c1800000, 0x00000000c1800000|100%| O|  |TAMS 0x00000000c1800000, 0x00000000c1800000| Untracked 
|  16|0x00000000c1800000, 0x00000000c1900000, 0x00000000c1900000|100%| O|  |TAMS 0x00000000c1900000, 0x00000000c1900000| Untracked 
|  17|0x00000000c1900000, 0x00000000c1a00000, 0x00000000c1a00000|100%| O|  |TAMS 0x00000000c1a00000, 0x00000000c1a00000| Untracked 
|  18|0x00000000c1a00000, 0x00000000c1b00000, 0x00000000c1b00000|100%| O|  |TAMS 0x00000000c1b00000, 0x00000000c1b00000| Untracked 
|  19|0x00000000c1b00000, 0x00000000c1c00000, 0x00000000c1c00000|100%| O|  |TAMS 0x00000000c1c00000, 0x00000000c1c00000| Untracked 
|  20|0x00000000c1c00000, 0x00000000c1d00000, 0x00000000c1d00000|100%| O|  |TAMS 0x00000000c1d00000, 0x00000000c1d00000| Untracked 
|  21|0x00000000c1d00000, 0x00000000c1e00000, 0x00000000c1e00000|100%| O|  |TAMS 0x00000000c1e00000, 0x00000000c1e00000| Untracked 
|  22|0x00000000c1e00000, 0x00000000c1f00000, 0x00000000c1f00000|100%| O|  |TAMS 0x00000000c1f00000, 0x00000000c1f00000| Untracked 
|  23|0x00000000c1f00000, 0x00000000c2000000, 0x00000000c2000000|100%| O|  |TAMS 0x00000000c2000000, 0x00000000c2000000| Untracked 
|  24|0x00000000c2000000, 0x00000000c2100000, 0x00000000c2100000|100%| O|  |TAMS 0x00000000c2100000, 0x00000000c2100000| Untracked 
|  25|0x00000000c2100000, 0x00000000c2200000, 0x00000000c2200000|100%| O|  |TAMS 0x00000000c2200000, 0x00000000c2200000| Untracked 
|  26|0x00000000c2200000, 0x00000000c2300000, 0x00000000c2300000|100%| O|  |TAMS 0x00000000c2300000, 0x00000000c2300000| Untracked 
|  27|0x00000000c2300000, 0x00000000c2400000, 0x00000000c2400000|100%| O|  |TAMS 0x00000000c2400000, 0x00000000c2400000| Untracked 
|  28|0x00000000c2400000, 0x00000000c2500000, 0x00000000c2500000|100%| O|  |TAMS 0x00000000c2500000, 0x00000000c2500000| Untracked 
|  29|0x00000000c2500000, 0x00000000c2600000, 0x00000000c2600000|100%| O|  |TAMS 0x00000000c253c400, 0x00000000c2600000| Untracked 
|  30|0x00000000c2600000, 0x00000000c2700000, 0x00000000c2700000|100%| O|  |TAMS 0x00000000c2600000, 0x00000000c2700000| Untracked 
|  31|0x00000000c2700000, 0x00000000c2800000, 0x00000000c2800000|100%| O|  |TAMS 0x00000000c2700000, 0x00000000c2771a00| Untracked 
|  32|0x00000000c2800000, 0x00000000c2876600, 0x00000000c2900000| 46%| O|  |TAMS 0x00000000c2800000, 0x00000000c2800000| Untracked 
|  33|0x00000000c2900000, 0x00000000c2900000, 0x00000000c2a00000|  0%| F|  |TAMS 0x00000000c2900000, 0x00000000c2900000| Untracked 
|  34|0x00000000c2a00000, 0x00000000c2a00000, 0x00000000c2b00000|  0%| F|  |TAMS 0x00000000c2a00000, 0x00000000c2a00000| Untracked 
|  35|0x00000000c2b00000, 0x00000000c2b00000, 0x00000000c2c00000|  0%| F|  |TAMS 0x00000000c2b00000, 0x00000000c2b00000| Untracked 
|  36|0x00000000c2c00000, 0x00000000c2c00000, 0x00000000c2d00000|  0%| F|  |TAMS 0x00000000c2c00000, 0x00000000c2c00000| Untracked 
|  37|0x00000000c2d00000, 0x00000000c2d00000, 0x00000000c2e00000|  0%| F|  |TAMS 0x00000000c2d00000, 0x00000000c2d00000| Untracked 
|  38|0x00000000c2e00000, 0x00000000c2e00000, 0x00000000c2f00000|  0%| F|  |TAMS 0x00000000c2e00000, 0x00000000c2e00000| Untracked 
|  39|0x00000000c2f00000, 0x00000000c2f00000, 0x00000000c3000000|  0%| F|  |TAMS 0x00000000c2f00000, 0x00000000c2f00000| Untracked 
|  40|0x00000000c3000000, 0x00000000c3000000, 0x00000000c3100000|  0%| F|  |TAMS 0x00000000c3000000, 0x00000000c3000000| Untracked 
|  41|0x00000000c3100000, 0x00000000c3200000, 0x00000000c3200000|100%| S|CS|TAMS 0x00000000c3100000, 0x00000000c3100000| Complete 
|  42|0x00000000c3200000, 0x00000000c3300000, 0x00000000c3300000|100%| S|CS|TAMS 0x00000000c3200000, 0x00000000c3200000| Complete 
|  43|0x00000000c3300000, 0x00000000c3300000, 0x00000000c3400000|  0%| F|  |TAMS 0x00000000c3300000, 0x00000000c3300000| Untracked 
|  44|0x00000000c3400000, 0x00000000c3400000, 0x00000000c3500000|  0%| F|  |TAMS 0x00000000c3400000, 0x00000000c3400000| Untracked 
|  45|0x00000000c3500000, 0x00000000c3500000, 0x00000000c3600000|  0%| F|  |TAMS 0x00000000c3500000, 0x00000000c3500000| Untracked 
|  46|0x00000000c3600000, 0x00000000c3600000, 0x00000000c3700000|  0%| F|  |TAMS 0x00000000c3600000, 0x00000000c3600000| Untracked 
|  47|0x00000000c3700000, 0x00000000c3700000, 0x00000000c3800000|  0%| F|  |TAMS 0x00000000c3700000, 0x00000000c3700000| Untracked 
|  48|0x00000000c3800000, 0x00000000c3800000, 0x00000000c3900000|  0%| F|  |TAMS 0x00000000c3800000, 0x00000000c3800000| Untracked 
|  49|0x00000000c3900000, 0x00000000c3900000, 0x00000000c3a00000|  0%| F|  |TAMS 0x00000000c3900000, 0x00000000c3900000| Untracked 
|  50|0x00000000c3a00000, 0x00000000c3a00000, 0x00000000c3b00000|  0%| F|  |TAMS 0x00000000c3a00000, 0x00000000c3a00000| Untracked 
|  51|0x00000000c3b00000, 0x00000000c3b00000, 0x00000000c3c00000|  0%| F|  |TAMS 0x00000000c3b00000, 0x00000000c3b00000| Untracked 
|  52|0x00000000c3c00000, 0x00000000c3c00000, 0x00000000c3d00000|  0%| F|  |TAMS 0x00000000c3c00000, 0x00000000c3c00000| Untracked 
|  53|0x00000000c3d00000, 0x00000000c3d00000, 0x00000000c3e00000|  0%| F|  |TAMS 0x00000000c3d00000, 0x00000000c3d00000| Untracked 
|  54|0x00000000c3e00000, 0x00000000c3e00000, 0x00000000c3f00000|  0%| F|  |TAMS 0x00000000c3e00000, 0x00000000c3e00000| Untracked 
|  55|0x00000000c3f00000, 0x00000000c3f00000, 0x00000000c4000000|  0%| F|  |TAMS 0x00000000c3f00000, 0x00000000c3f00000| Untracked 
|  56|0x00000000c4000000, 0x00000000c4000000, 0x00000000c4100000|  0%| F|  |TAMS 0x00000000c4000000, 0x00000000c4000000| Untracked 
|  57|0x00000000c4100000, 0x00000000c4100000, 0x00000000c4200000|  0%| F|  |TAMS 0x00000000c4100000, 0x00000000c4100000| Untracked 
|  58|0x00000000c4200000, 0x00000000c4200000, 0x00000000c4300000|  0%| F|  |TAMS 0x00000000c4200000, 0x00000000c4200000| Untracked 
|  59|0x00000000c4300000, 0x00000000c4300000, 0x00000000c4400000|  0%| F|  |TAMS 0x00000000c4300000, 0x00000000c4300000| Untracked 
|  60|0x00000000c4400000, 0x00000000c4400000, 0x00000000c4500000|  0%| F|  |TAMS 0x00000000c4400000, 0x00000000c4400000| Untracked 
|  61|0x00000000c4500000, 0x00000000c4500000, 0x00000000c4600000|  0%| F|  |TAMS 0x00000000c4500000, 0x00000000c4500000| Untracked 
|  62|0x00000000c4600000, 0x00000000c4600000, 0x00000000c4700000|  0%| F|  |TAMS 0x00000000c4600000, 0x00000000c4600000| Untracked 
|  63|0x00000000c4700000, 0x00000000c4700000, 0x00000000c4800000|  0%| F|  |TAMS 0x00000000c4700000, 0x00000000c4700000| Untracked 
|  64|0x00000000c4800000, 0x00000000c4800000, 0x00000000c4900000|  0%| F|  |TAMS 0x00000000c4800000, 0x00000000c4800000| Untracked 
|  65|0x00000000c4900000, 0x00000000c4900000, 0x00000000c4a00000|  0%| F|  |TAMS 0x00000000c4900000, 0x00000000c4900000| Untracked 
|  66|0x00000000c4a00000, 0x00000000c4a00000, 0x00000000c4b00000|  0%| F|  |TAMS 0x00000000c4a00000, 0x00000000c4a00000| Untracked 
|  67|0x00000000c4b00000, 0x00000000c4b00000, 0x00000000c4c00000|  0%| F|  |TAMS 0x00000000c4b00000, 0x00000000c4b00000| Untracked 
|  68|0x00000000c4c00000, 0x00000000c4c00000, 0x00000000c4d00000|  0%| F|  |TAMS 0x00000000c4c00000, 0x00000000c4c00000| Untracked 
|  69|0x00000000c4d00000, 0x00000000c4d00000, 0x00000000c4e00000|  0%| F|  |TAMS 0x00000000c4d00000, 0x00000000c4d00000| Untracked 
|  70|0x00000000c4e00000, 0x00000000c4e00000, 0x00000000c4f00000|  0%| F|  |TAMS 0x00000000c4e00000, 0x00000000c4e00000| Untracked 

Card table byte_map: [0x00000074b2690000,0x00000074b2890000] _byte_map_base: 0x00000074b208c000

Marking Bits (Prev, Next): (CMBitMap*) 0x0000007498e6aab8, (CMBitMap*) 0x0000007498e6aaf8
 Prev Bits: [0x00000074b2a90000, 0x00000074b3a70000)
 Next Bits: [0x00000074b3a70000, 0x00000074b4a50000)

Polling page: 0x000000749a6d0000

Metaspace:

Usage:
  Non-class:     42.17 MB capacity,    41.33 MB ( 98%) used,   700.23 KB (  2%) free+waste,   158.63 KB ( <1%) overhead. 
      Class:      7.17 MB capacity,     6.63 MB ( 93%) used,   471.00 KB (  6%) free+waste,    79.25 KB (  1%) overhead. 
       Both:     49.34 MB capacity,    47.96 MB ( 97%) used,     1.14 MB (  2%) free+waste,   237.88 KB ( <1%) overhead. 

Virtual space:
  Non-class space:       44.00 MB reserved,      42.25 MB ( 96%) committed 
      Class space:        1.00 GB reserved,       7.25 MB ( <1%) committed 
             Both:        1.04 GB reserved,      49.50 MB (  5%) committed 

Chunk freelists:
   Non-Class:  15.00 KB
       Class:  20.00 KB
        Both:  35.00 KB

MaxMetaspaceSize: 17179869184.00 GB
CompressedClassSpaceSize: 1.00 GB

CodeHeap 'non-profiled nmethods': size=239488Kb used=7812Kb max_used=7812Kb free=231675Kb
 bounds [0x00000074a3cb0000, 0x00000074a4460000, 0x00000074b2690000]
CodeHeap 'non-nmethods': size=6272Kb used=1292Kb max_used=1292Kb free=4980Kb
 bounds [0x00000074a3690000, 0x00000074a3900000, 0x00000074a3cb0000]
 total_blobs=5657 nmethods=4799 adapters=514
 compilation: enabled
              stopped_count=0, restarted_count=0
 full_count=0

Compilation events (20 events):
Event: 145.207 Thread 0x00000074b701c000 4787       1       net.bytebuddy.description.method.ParameterList$ForLoadedExecutable$OfMethod::get (20 bytes)
Event: 145.208 Thread 0x00000074b701c000 nmethod 4787 0x00000074a444d110 code [0x00000074a444d2a0, 0x00000074a444d4d8]
Event: 145.208 Thread 0x00000074b701c000 4788       1       net.bytebuddy.description.method.ParameterDescription$ForLoadedParameter$OfMethod::<init> (8 bytes)
Event: 145.208 Thread 0x00000074b701c000 nmethod 4788 0x00000074a444d590 code [0x00000074a444d720, 0x00000074a444d898]
Event: 145.211 Thread 0x00000074b701c000 4789       1       net.bytebuddy.jar.asm.SymbolTable::hash (10 bytes)
Event: 145.212 Thread 0x00000074b701c000 nmethod 4789 0x00000074a444d910 code [0x00000074a444daa0, 0x00000074a444db68]
Event: 147.167 Thread 0x00000074b701c000 4792       1       java.util.concurrent.atomic.AtomicLong::compareAndSet (13 bytes)
Event: 147.168 Thread 0x00000074b701c000 nmethod 4792 0x00000074a444e210 code [0x00000074a444e3a0, 0x00000074a444e498]
Event: 147.171 Thread 0x00000074b701c000 4793       1       java.lang.invoke.VarHandleGuards::guard_LLL_Z (70 bytes)
Event: 147.172 Thread 0x00000074b701c000 nmethod 4793 0x00000074a444e810 code [0x00000074a444ea40, 0x00000074a444f008]
Event: 147.176 Thread 0x00000074b701c000 4795       1       java.lang.invoke.VarHandleReferences$FieldInstanceReadWrite::compareAndSet (38 bytes)
Event: 147.177 Thread 0x00000074b701c000 nmethod 4795 0x00000074a444f490 code [0x00000074a444f6a0, 0x00000074a444fbe8]
Event: 147.257 Thread 0x00000074b701c000 4796       1       java.util.Locale::getVariant (8 bytes)
Event: 147.257 Thread 0x00000074b701c000 nmethod 4796 0x00000074a444fe90 code [0x00000074a4450020, 0x00000074a44500f8]
Event: 147.277 Thread 0x00000074b701c000 4797       1       org.springframework.context.event.GenericApplicationListenerAdapter::resolveDeclaredEventType (57 bytes)
Event: 147.277 Thread 0x00000074b701c000 nmethod 4797 0x00000074a4450190 code [0x00000074a4450360, 0x00000074a4450668]
Event: 147.278 Thread 0x00000074b701c000 4798       1       org.springframework.context.event.GenericApplicationListenerAdapter::resolveDeclaredEventType (41 bytes)
Event: 147.278 Thread 0x00000074b701c000 nmethod 4798 0x00000074a4450810 code [0x00000074a44509e0, 0x00000074a4450b98]
Event: 147.278 Thread 0x00000074b701c000 4799       1       org.springframework.context.event.GenericApplicationListenerAdapter::supportsEventType (65 bytes)
Event: 147.279 Thread 0x00000074b701c000 nmethod 4799 0x00000074a4450c90 code [0x00000074a4450e40, 0x00000074a4451098]

GC Heap History (20 events):
Event: 122.944 GC heap after
{Heap after GC invocations=27 (full 0):
 garbage-first heap   total 58368K, used 27506K [0x00000000c0800000, 0x0000000100000000)
  region size 1024K, 1 young (1024K), 1 survivors (1024K)
 Metaspace       used 30955K, capacity 32103K, committed 32384K, reserved 1077248K
  class space    used 4220K, capacity 4666K, committed 4736K, reserved 1048576K
}
Event: 124.412 GC heap before
{Heap before GC invocations=28 (full 0):
 garbage-first heap   total 60416K, used 46962K [0x00000000c0800000, 0x0000000100000000)
  region size 1024K, 20 young (20480K), 1 survivors (1024K)
 Metaspace       used 31149K, capacity 32269K, committed 32384K, reserved 1077248K
  class space    used 4245K, capacity 4700K, committed 4736K, reserved 1048576K
}
Event: 124.417 GC heap after
{Heap after GC invocations=29 (full 0):
 garbage-first heap   total 60416K, used 27940K [0x00000000c0800000, 0x0000000100000000)
  region size 1024K, 1 young (1024K), 1 survivors (1024K)
 Metaspace       used 31149K, capacity 32269K, committed 32384K, reserved 1077248K
  class space    used 4245K, capacity 4700K, committed 4736K, reserved 1048576K
}
Event: 126.003 GC heap before
{Heap before GC invocations=29 (full 0):
 garbage-first heap   total 60416K, used 49444K [0x00000000c0800000, 0x0000000100000000)
  region size 1024K, 22 young (22528K), 1 survivors (1024K)
 Metaspace       used 32136K, capacity 33352K, committed 33664K, reserved 1077248K
  class space    used 4419K, capacity 4878K, committed 4992K, reserved 1048576K
}
Event: 126.016 GC heap after
{Heap after GC invocations=30 (full 0):
 garbage-first heap   total 60416K, used 28215K [0x00000000c0800000, 0x0000000100000000)
  region size 1024K, 2 young (2048K), 2 survivors (2048K)
 Metaspace       used 32136K, capacity 33352K, committed 33664K, reserved 1077248K
  class space    used 4419K, capacity 4878K, committed 4992K, reserved 1048576K
}
Event: 127.788 GC heap before
{Heap before GC invocations=31 (full 0):
 garbage-first heap   total 60416K, used 48695K [0x00000000c0800000, 0x0000000100000000)
  region size 1024K, 23 young (23552K), 2 survivors (2048K)
 Metaspace       used 34476K, capacity 35778K, committed 35968K, reserved 1079296K
  class space    used 4647K, capacity 5133K, committed 5248K, reserved 1048576K
}
Event: 127.806 GC heap after
{Heap after GC invocations=32 (full 0):
 garbage-first heap   total 60416K, used 29904K [0x00000000c0800000, 0x0000000100000000)
  region size 1024K, 3 young (3072K), 3 survivors (3072K)
 Metaspace       used 34476K, capacity 35778K, committed 35968K, reserved 1079296K
  class space    used 4647K, capacity 5133K, committed 5248K, reserved 1048576K
}
Event: 129.116 GC heap before
{Heap before GC invocations=32 (full 0):
 garbage-first heap   total 60416K, used 49360K [0x00000000c0800000, 0x0000000100000000)
  region size 1024K, 22 young (22528K), 3 survivors (3072K)
 Metaspace       used 35314K, capacity 36526K, committed 36736K, reserved 1081344K
  class space    used 4733K, capacity 5212K, committed 5248K, reserved 1048576K
}
Event: 129.129 GC heap after
{Heap after GC invocations=33 (full 0):
 garbage-first heap   total 60416K, used 30200K [0x00000000c0800000, 0x0000000100000000)
  region size 1024K, 2 young (2048K), 2 survivors (2048K)
 Metaspace       used 35314K, capacity 36526K, committed 36736K, reserved 1081344K
  class space    used 4733K, capacity 5212K, committed 5248K, reserved 1048576K
}
Event: 130.670 GC heap before
{Heap before GC invocations=34 (full 0):
 garbage-first heap   total 60416K, used 50680K [0x00000000c0800000, 0x0000000100000000)
  region size 1024K, 22 young (22528K), 2 survivors (2048K)
 Metaspace       used 36315K, capacity 37597K, committed 37888K, reserved 1081344K
  class space    used 4852K, capacity 5335K, committed 5376K, reserved 1048576K
}
Event: 130.688 GC heap after
{Heap after GC invocations=35 (full 0):
 garbage-first heap   total 60416K, used 31394K [0x00000000c0800000, 0x0000000100000000)
  region size 1024K, 2 young (2048K), 2 survivors (2048K)
 Metaspace       used 36315K, capacity 37597K, committed 37888K, reserved 1081344K
  class space    used 4852K, capacity 5335K, committed 5376K, reserved 1048576K
}
Event: 133.469 GC heap before
{Heap before GC invocations=35 (full 0):
 garbage-first heap   total 60416K, used 48802K [0x00000000c0800000, 0x0000000100000000)
  region size 1024K, 20 young (20480K), 2 survivors (2048K)
 Metaspace       used 37625K, capacity 38908K, committed 39040K, reserved 1083392K
  class space    used 4983K, capacity 5473K, committed 5504K, reserved 1048576K
}
Event: 133.489 GC heap after
{Heap after GC invocations=36 (full 0):
 garbage-first heap   total 72704K, used 31999K [0x00000000c0800000, 0x0000000100000000)
  region size 1024K, 3 young (3072K), 3 survivors (3072K)
 Metaspace       used 37625K, capacity 38908K, committed 39040K, reserved 1083392K
  class space    used 4983K, capacity 5473K, committed 5504K, reserved 1048576K
}
Event: 134.494 GC heap before
{Heap before GC invocations=37 (full 0):
 garbage-first heap   total 72704K, used 58623K [0x00000000c0800000, 0x0000000100000000)
  region size 1024K, 29 young (29696K), 3 survivors (3072K)
 Metaspace       used 39238K, capacity 40505K, committed 40576K, reserved 1083392K
  class space    used 5279K, capacity 5748K, committed 5760K, reserved 1048576K
}
Event: 134.519 GC heap after
{Heap after GC invocations=38 (full 0):
 garbage-first heap   total 72704K, used 32879K [0x00000000c0800000, 0x0000000100000000)
  region size 1024K, 3 young (3072K), 3 survivors (3072K)
 Metaspace       used 39238K, capacity 40505K, committed 40576K, reserved 1083392K
  class space    used 5279K, capacity 5748K, committed 5760K, reserved 1048576K
}
Event: 135.984 GC heap before
{Heap before GC invocations=38 (full 0):
 garbage-first heap   total 72704K, used 58479K [0x00000000c0800000, 0x0000000100000000)
  region size 1024K, 29 young (29696K), 3 survivors (3072K)
 Metaspace       used 42433K, capacity 43787K, committed 44032K, reserved 1087488K
  class space    used 5757K, capacity 6309K, committed 6400K, reserved 1048576K
}
Event: 136.011 GC heap after
{Heap after GC invocations=39 (full 0):
 garbage-first heap   total 72704K, used 33907K [0x00000000c0800000, 0x0000000100000000)
  region size 1024K, 3 young (3072K), 3 survivors (3072K)
 Metaspace       used 42433K, capacity 43787K, committed 44032K, reserved 1087488K
  class space    used 5757K, capacity 6309K, committed 6400K, reserved 1048576K
}
Event: 143.405 GC heap before
{Heap before GC invocations=39 (full 0):
 garbage-first heap   total 72704K, used 58483K [0x00000000c0800000, 0x0000000100000000)
  region size 1024K, 28 young (28672K), 3 survivors (3072K)
 Metaspace       used 45693K, capacity 47070K, committed 47232K, reserved 1089536K
  class space    used 6183K, capacity 6743K, committed 6784K, reserved 1048576K
}
Event: 143.430 GC heap after
{Heap after GC invocations=40 (full 0):
 garbage-first heap   total 72704K, used 34484K [0x00000000c0800000, 0x0000000100000000)
  region size 1024K, 3 young (3072K), 3 survivors (3072K)
 Metaspace       used 45693K, capacity 47070K, committed 47232K, reserved 1089536K
  class space    used 6183K, capacity 6743K, committed 6784K, reserved 1048576K
}
Event: 147.380 GC heap before
{Heap before GC invocations=40 (full 0):
 garbage-first heap   total 72704K, used 60084K [0x00000000c0800000, 0x0000000100000000)
  region size 1024K, 28 young (28672K), 3 survivors (3072K)
 Metaspace       used 49115K, capacity 50525K, committed 50688K, reserved 1093632K
  class space    used 6789K, capacity 7340K, committed 7424K, reserved 1048576K
}

Deoptimization events (4 events):
Event: 96.927 Thread 0x00000074b84a1000 DEOPT PACKING pc=0x00000074a3fc23a4 sp=0x00000074bac2d090
Event: 96.928 Thread 0x00000074b84a1000 DEOPT UNPACKING pc=0x00000074a36d993f sp=0x00000074bac2c608 mode 0
Event: 128.253 Thread 0x00000074ba36d800 DEOPT PACKING pc=0x00000074a3ed6331 sp=0x00000074baf2ec20
Event: 128.253 Thread 0x00000074ba36d800 DEOPT UNPACKING pc=0x00000074a36d993f sp=0x00000074baf2e078 mode 3

Classes unloaded (0 events):
No events

Classes redefined (0 events):
No events

Internal exceptions (20 events):
Event: 134.594 Thread 0x00000074b84a1000 Exception <a 'java/lang/ClassNotFoundException'{0x00000000c4b67fa8}: org/hibernate/jpa/HibernateEntityManagerCustomizer> (0x00000000c4b67fa8) 
thrown [./open/src/hotspot/share/classfile/systemDictionary.cpp, line 226]
Event: 134.596 Thread 0x00000074b84a1000 Exception <a 'java/lang/ClassNotFoundException'{0x00000000c4b8a010}: javax/persistence/EntityManagerCustomizer> (0x00000000c4b8a010) 
thrown [./open/src/hotspot/share/classfile/systemDictionary.cpp, line 226]
Event: 134.603 Thread 0x00000074b84a1000 Exception <a 'java/lang/ClassNotFoundException'{0x00000000c4bfa320}: org/hibernate/query/QueryProducerCustomizer> (0x00000000c4bfa320) 
thrown [./open/src/hotspot/share/classfile/systemDictionary.cpp, line 226]
Event: 134.607 Thread 0x00000074b84a1000 Exception <a 'java/lang/ClassNotFoundException'{0x00000000c4a29328}: org/springframework/orm/jpa/EntityManagerProxyCustomizer> (0x00000000c4a29328) 
thrown [./open/src/hotspot/share/classfile/systemDictionary.cpp, line 226]
Event: 134.625 Thread 0x00000074b84a1000 Exception <a 'java/lang/ClassNotFoundException'{0x00000000c4a4af80}: javax/persistence/EntityManagerCustomizer> (0x00000000c4a4af80) 
thrown [./open/src/hotspot/share/classfile/systemDictionary.cpp, line 226]
Event: 134.632 Thread 0x00000074b84a1000 Exception <a 'java/lang/ClassNotFoundException'{0x00000000c4acbab8}: java/lang/ObjectCustomizer> (0x00000000c4acbab8) 
thrown [./open/src/hotspot/share/classfile/systemDictionary.cpp, line 226]
Event: 134.643 Thread 0x00000074b84a1000 Exception <a 'java/lang/ClassNotFoundException'{0x00000000c492f678}: org/springframework/beans/factory/config/AbstractFactoryBeanCustomizer> (0x00000000c492f678) 
thrown [./open/src/hotspot/share/classfile/systemDictionary.cpp, line 226]
Event: 134.646 Thread 0x00000074b84a1000 Exception <a 'java/lang/ClassNotFoundException'{0x00000000c4964108}: org/springframework/data/jpa/repository/config/JpaMetamodelMappingContextFactoryBeanCustomizer> (0x00000000c4964108) 
thrown [./open/src/hotspot/share/classfile/systemDictionary.cpp, line 226]
Event: 134.649 Thread 0x00000074b84a1000 Exception <a 'java/lang/ClassNotFoundException'{0x00000000c49931b8}: org/springframework/context/ApplicationContextAwareCustomizer> (0x00000000c49931b8) 
thrown [./open/src/hotspot/share/classfile/systemDictionary.cpp, line 226]
Event: 134.650 Thread 0x00000074b84a1000 Exception <a 'java/lang/ClassNotFoundException'{0x00000000c49b4d18}: org/springframework/beans/factory/AwareCustomizer> (0x00000000c49b4d18) 
thrown [./open/src/hotspot/share/classfile/systemDictionary.cpp, line 226]
Event: 134.652 Thread 0x00000074b84a1000 Exception <a 'java/lang/ClassNotFoundException'{0x00000000c49d7550}: org/springframework/beans/factory/FactoryBeanCustomizer> (0x00000000c49d7550) 
thrown [./open/src/hotspot/share/classfile/systemDictionary.cpp, line 226]
Event: 134.654 Thread 0x00000074b84a1000 Exception <a 'java/lang/ClassNotFoundException'{0x00000000c4830f88}: org/springframework/beans/factory/BeanClassLoaderAwareCustomizer> (0x00000000c4830f88) 
thrown [./open/src/hotspot/share/classfile/systemDictionary.cpp, line 226]
Event: 134.656 Thread 0x00000074b84a1000 Exception <a 'java/lang/ClassNotFoundException'{0x00000000c4852398}: org/springframework/beans/factory/AwareCustomizer> (0x00000000c4852398) 
thrown [./open/src/hotspot/share/classfile/systemDictionary.cpp, line 226]
Event: 134.658 Thread 0x00000074b84a1000 Exception <a 'java/lang/ClassNotFoundException'{0x00000000c4875f78}: org/springframework/beans/factory/BeanFactoryAwareCustomizer> (0x00000000c4875f78) 
thrown [./open/src/hotspot/share/classfile/systemDictionary.cpp, line 226]
Event: 134.659 Thread 0x00000074b84a1000 Exception <a 'java/lang/ClassNotFoundException'{0x00000000c48becd8}: org/springframework/beans/factory/AwareCustomizer> (0x00000000c48becd8) 
thrown [./open/src/hotspot/share/classfile/systemDictionary.cpp, line 226]
Event: 134.662 Thread 0x00000074b84a1000 Exception <a 'java/lang/ClassNotFoundException'{0x00000000c48e28b8}: org/springframework/beans/factory/InitializingBeanCustomizer> (0x00000000c48e28b8) 
thrown [./open/src/hotspot/share/classfile/systemDictionary.cpp, line 226]
Event: 134.663 Thread 0x00000074b84a1000 Exception <a 'java/lang/ClassNotFoundException'{0x00000000c472da70}: org/springframework/beans/factory/DisposableBeanCustomizer> (0x00000000c472da70) 
thrown [./open/src/hotspot/share/classfile/systemDictionary.cpp, line 226]
Event: 142.213 Thread 0x00000074bc5ba800 Exception <a 'java/lang/NoSuchMethodError'{0x00000000c45668b8}: 'java.lang.Object java.lang.invoke.DirectMethodHandle$Holder.newInvokeSpecial(java.lang.Object, java.lang.Object, int, java.lang.Object, java.lang.Object)'> (0x00000000c45668b8) 
thrown [./open/src/hotspot/share/interpreter/linkResolver.cpp, line 766]
Event: 146.001 Thread 0x00000074bc5ba800 Exception <a 'java/lang/NoSuchMethodError'{0x00000000c40bc368}: 'void java.lang.invoke.DirectMethodHandle$Holder.invokeInterface(java.lang.Object, java.lang.Object)'> (0x00000000c40bc368) 
thrown [./open/src/hotspot/share/interpreter/linkResolver.cpp, line 766]
Event: 146.435 Thread 0x00000074bc5ba800 Exception <a 'java/lang/NoSuchMethodError'{0x00000000c3ff1020}: 'java.lang.Object java.lang.invoke.DirectMethodHandle$Holder.invokeStaticInit(java.lang.Object, java.lang.Object, java.lang.Object, java.lang.Object, int, int)'> (0x00000000c3ff1020) 
thrown [./open/src/hotspot/share/interpreter/linkResolver.cpp, line 766]

Events (20 events):
Event: 147.110 loading class sun/security/provider/SecureRandom
Event: 147.125 loading class sun/security/provider/SecureRandom done
Event: 147.126 Thread 0x00000074bc5bc800 Thread added: 0x00000074bc5bc800
Event: 147.149 Thread 0x00000074bc5bc800 Thread exited: 0x00000074bc5bc800
Event: 147.149 Executing VM operation: HandshakeOneThread
Event: 147.149 Executing VM operation: HandshakeOneThread done
Event: 147.166 Executing VM operation: HandshakeOneThread
Event: 147.167 Executing VM operation: HandshakeOneThread done
Event: 147.187 Executing VM operation: HandshakeOneThread
Event: 147.187 Executing VM operation: HandshakeOneThread done
Event: 147.187 Executing VM operation: HandshakeOneThread
Event: 147.188 Executing VM operation: HandshakeOneThread done
Event: 147.273 Thread 0x00000074bc5bc800 Thread added: 0x00000074bc5bc800
Event: 147.275 Executing VM operation: HandshakeOneThread
Event: 147.276 Executing VM operation: HandshakeOneThread done
Event: 147.279 Executing VM operation: HandshakeOneThread
Event: 147.279 Executing VM operation: HandshakeOneThread done
Event: 147.279 Executing VM operation: HandshakeOneThread
Event: 147.280 Executing VM operation: HandshakeOneThread done
Event: 147.379 Executing VM operation: G1CollectForAllocation


Dynamic libraries:
0x00007ff6cead0000 - 0x00007ff6ceadd000 	C:\Users\Monster\.jdks\openjdk-14.0.1\bin\java.exe
0x00007ffd15fc0000 - 0x00007ffd1616d000 	C:\Windows\SYSTEM32\ntdll.dll
0x00007ffd13800000 - 0x00007ffd1393f000 	C:\Windows\system32\KERNEL32.DLL
0x00007ffd0f0b0000 - 0x00007ffd0f0c2000 	C:\Program Files\Avast Software\Avast\aswhook.dll
0x00007ffd132c0000 - 0x00007ffd133d5000 	C:\Windows\system32\KERNELBASE.dll
0x00007ffd0fdc0000 - 0x00007ffd0fdd8000 	C:\Users\Monster\.jdks\openjdk-14.0.1\bin\jli.dll
0x00007ffd0fda0000 - 0x00007ffd0fdb5000 	C:\Users\Monster\.jdks\openjdk-14.0.1\bin\VCRUNTIME140.dll
0x00007ffd10130000 - 0x00007ffd10134000 	C:\Users\Monster\.jdks\openjdk-14.0.1\bin\api-ms-win-crt-stdio-l1-1-0.dll
0x00007ffd0fe60000 - 0x00007ffd0fe64000 	C:\Users\Monster\.jdks\openjdk-14.0.1\bin\api-ms-win-crt-runtime-l1-1-0.dll
0x00007ffd0fd90000 - 0x00007ffd0fd93000 	C:\Users\Monster\.jdks\openjdk-14.0.1\bin\api-ms-win-crt-environment-l1-1-0.dll
0x00007ffd0fd80000 - 0x00007ffd0fd85000 	C:\Users\Monster\.jdks\openjdk-14.0.1\bin\api-ms-win-crt-math-l1-1-0.dll
0x00007ffd0fc30000 - 0x00007ffd0fc33000 	C:\Users\Monster\.jdks\openjdk-14.0.1\bin\api-ms-win-crt-locale-l1-1-0.dll
0x00007ffd0fc20000 - 0x00007ffd0fc23000 	C:\Users\Monster\.jdks\openjdk-14.0.1\bin\api-ms-win-crt-heap-l1-1-0.dll
0x00007ffd108c0000 - 0x00007ffd10b3b000 	C:\Windows\WinSxS\amd64_microsoft.windows.common-controls_6595b64144ccf1df_6.0.9600.19394_none_62486577ecb635cf\COMCTL32.dll
0x00007ffd13e40000 - 0x00007ffd13fb7000 	C:\Windows\system32\USER32.dll
0x00007ffd0fbc0000 - 0x00007ffd0fbc3000 	C:\Users\Monster\.jdks\openjdk-14.0.1\bin\api-ms-win-crt-filesystem-l1-1-0.dll
0x00007ffd0fa60000 - 0x00007ffd0fa64000 	C:\Users\Monster\.jdks\openjdk-14.0.1\bin\api-ms-win-crt-string-l1-1-0.dll
0x00007ffd0f0a0000 - 0x00007ffd0f0a4000 	C:\Users\Monster\.jdks\openjdk-14.0.1\bin\api-ms-win-crt-convert-l1-1-0.dll
0x00007ffd14330000 - 0x00007ffd143da000 	C:\Windows\system32\msvcrt.dll
0x00007ffd15bc0000 - 0x00007ffd15d0d000 	C:\Windows\system32\GDI32.dll
0x00007ffcfd2a0000 - 0x00007ffcfd39c000 	C:\Users\Monster\.jdks\openjdk-14.0.1\bin\ucrtbase.DLL
0x00007ffd14120000 - 0x00007ffd14156000 	C:\Windows\system32\IMM32.DLL
0x00007ffd14160000 - 0x00007ffd142b1000 	C:\Windows\system32\MSCTF.dll
0x00007ffcf74c0000 - 0x00007ffcf755b000 	C:\Users\Monster\.jdks\openjdk-14.0.1\bin\msvcp140.dll
0x00007ffd08960000 - 0x00007ffd08963000 	C:\Users\Monster\.jdks\openjdk-14.0.1\bin\api-ms-win-crt-time-l1-1-0.dll
0x00007ffd08910000 - 0x00007ffd08913000 	C:\Users\Monster\.jdks\openjdk-14.0.1\bin\api-ms-win-crt-utility-l1-1-0.dll
0x00007ffce0150000 - 0x00007ffce0c6e000 	C:\Users\Monster\.jdks\openjdk-14.0.1\bin\server\jvm.dll
0x00007ffd15d10000 - 0x00007ffd15dba000 	C:\Windows\system32\ADVAPI32.dll
0x00007ffd0e540000 - 0x00007ffd0e549000 	C:\Windows\SYSTEM32\WSOCK32.dll
0x00007ffd113b0000 - 0x00007ffd113d2000 	C:\Windows\SYSTEM32\WINMM.dll
0x00007ffd0d840000 - 0x00007ffd0d84a000 	C:\Windows\SYSTEM32\VERSION.dll
0x00007ffd15dd0000 - 0x00007ffd15dd7000 	C:\Windows\system32\PSAPI.DLL
0x00007ffd13950000 - 0x00007ffd139a8000 	C:\Windows\SYSTEM32\sechost.dll
0x00007ffd13fe0000 - 0x00007ffd14120000 	C:\Windows\system32\RPCRT4.dll
0x00007ffd144a0000 - 0x00007ffd144fa000 	C:\Windows\system32\WS2_32.dll
0x00007ffd0fb90000 - 0x00007ffd0fbba000 	C:\Windows\SYSTEM32\WINMMBASE.dll
0x00007ffd13610000 - 0x00007ffd1363e000 	C:\Windows\system32\SspiCli.dll
0x00007ffd13940000 - 0x00007ffd13949000 	C:\Windows\system32\NSI.dll
0x00007ffd135c0000 - 0x00007ffd1360f000 	C:\Windows\SYSTEM32\cfgmgr32.dll
0x00007ffd11f10000 - 0x00007ffd11f38000 	C:\Windows\SYSTEM32\DEVOBJ.dll
0x00007ffd08750000 - 0x00007ffd0875a000 	C:\Users\Monster\.jdks\openjdk-14.0.1\bin\jimage.dll
0x00007ffd0d410000 - 0x00007ffd0d599000 	C:\Windows\SYSTEM32\DBGHELP.DLL
0x00007ffd119a0000 - 0x00007ffd119ae000 	C:\Users\Monster\.jdks\openjdk-14.0.1\bin\instrument.dll
0x00007ffd04c00000 - 0x00007ffd04c25000 	C:\Users\Monster\.jdks\openjdk-14.0.1\bin\java.dll
0x00007ffd07750000 - 0x00007ffd07766000 	C:\Users\Monster\.jdks\openjdk-14.0.1\bin\zip.dll
0x00007ffd14630000 - 0x00007ffd15b5e000 	C:\Windows\system32\SHELL32.dll
0x00007ffd13a80000 - 0x00007ffd13c91000 	C:\Windows\SYSTEM32\combase.dll
0x00007ffd15b60000 - 0x00007ffd15bb4000 	C:\Windows\system32\SHLWAPI.dll
0x00007ffd11680000 - 0x00007ffd11732000 	C:\Windows\SYSTEM32\SHCORE.dll
0x00007ffd130e0000 - 0x00007ffd130f5000 	C:\Windows\SYSTEM32\profapi.dll
0x00007ffd05ed0000 - 0x00007ffd05ee9000 	C:\Users\Monster\.jdks\openjdk-14.0.1\bin\net.dll
0x00007ffd0dbd0000 - 0x00007ffd0dc99000 	C:\Windows\SYSTEM32\WINHTTP.dll
0x00007ffd128e0000 - 0x00007ffd12939000 	C:\Windows\system32\mswsock.dll
0x00007ffd059f0000 - 0x00007ffd05a02000 	C:\Users\Monster\.jdks\openjdk-14.0.1\bin\nio.dll
0x00007ffd00d10000 - 0x00007ffd00d2a000 	G:\IntelliJ IDEA 2020.1.1\bin\breakgen64.dll
0x00007ffd126e0000 - 0x00007ffd12784000 	C:\Windows\SYSTEM32\DNSAPI.dll
0x00007ffd09330000 - 0x00007ffd0933a000 	C:\Windows\System32\rasadhlp.dll
0x00007ffd0e9a0000 - 0x00007ffd0ea0b000 	C:\Windows\System32\fwpuclnt.dll
0x00007ffd085f0000 - 0x00007ffd085f9000 	C:\Users\Monster\.jdks\openjdk-14.0.1\bin\management.dll
0x00007ffd07ef0000 - 0x00007ffd07efb000 	C:\Users\Monster\.jdks\openjdk-14.0.1\bin\management_ext.dll
0x00007ffd12940000 - 0x00007ffd12960000 	C:\Windows\SYSTEM32\CRYPTSP.dll
0x00007ffd12560000 - 0x00007ffd12596000 	C:\Windows\system32\rsaenh.dll
0x00007ffd12b80000 - 0x00007ffd12ba6000 	C:\Windows\SYSTEM32\bcrypt.dll
0x00007ffd12670000 - 0x00007ffd12691000 	C:\Windows\SYSTEM32\USERENV.dll
0x00007ffd12ee0000 - 0x00007ffd12f43000 	C:\Windows\system32\bcryptprimitives.dll
0x00007ffd12f50000 - 0x00007ffd12f5b000 	C:\Windows\SYSTEM32\CRYPTBASE.dll
0x00007ffd0eef0000 - 0x00007ffd0ef1a000 	C:\Windows\SYSTEM32\IPHLPAPI.DLL
0x00007ffd0eed0000 - 0x00007ffd0eeda000 	C:\Windows\SYSTEM32\WINNSI.DLL
0x00007ffd0ed30000 - 0x00007ffd0ed46000 	C:\Windows\SYSTEM32\dhcpcsvc6.DLL
0x00007ffd0eb80000 - 0x00007ffd0eb9a000 	C:\Windows\SYSTEM32\dhcpcsvc.DLL
0x00007ffd09fe0000 - 0x00007ffd09ff5000 	C:\Windows\system32\napinsp.dll
0x00007ffd097b0000 - 0x00007ffd097ca000 	C:\Windows\system32\pnrpnsp.dll
0x00007ffd0f430000 - 0x00007ffd0f44b000 	C:\Windows\system32\NLAapi.dll
0x00007ffd0b290000 - 0x00007ffd0b29d000 	C:\Windows\System32\winrnr.dll

dbghelp: loaded successfully - version: 4.0.5 - missing functions: none
symbol engine: initialized successfully - sym options: 0x614 - pdb path: .;C:\Users\Monster\.jdks\openjdk-14.0.1\bin;C:\Windows\SYSTEM32;C:\Program Files\Avast Software\Avast;C:\Windows\WinSxS\amd64_microsoft.windows.common-controls_6595b64144ccf1df_6.0.9600.19394_none_62486577ecb635cf;C:\Users\Monster\.jdks\openjdk-14.0.1\bin\server;G:\IntelliJ IDEA 2020.1.1\bin

VM Arguments:
jvm_args: -XX:TieredStopAtLevel=1 -Xverify:none -Dspring.output.ansi.enabled=always -Dcom.sun.management.jmxremote -Dspring.jmx.enabled=true -Dspring.liveBeansView.mbeanDomain -Dspring.application.admin.enabled=true -javaagent:G:\IntelliJ IDEA 2020.1.1\lib\idea_rt.jar=53701:G:\IntelliJ IDEA 2020.1.1\bin -Dfile.encoding=UTF-8 
java_command: org.sid.customerservice.CustomerServiceApplication
java_class_path (initial): G:\TPsc\customer-service\target\classes;C:\Users\Monster\.m2\repository\org\springframework\boot\spring-boot-starter-actuator\2.3.6.RELEASE\spring-boot-starter-actuator-2.3.6.RELEASE.jar;C:\Users\Monster\.m2\repository\org\springframework\boot\spring-boot-starter\2.3.6.RELEASE\spring-boot-starter-2.3.6.RELEASE.jar;C:\Users\Monster\.m2\repository\org\springframework\boot\spring-boot-starter-logging\2.3.6.RELEASE\spring-boot-starter-logging-2.3.6.RELEASE.jar;C:\Users\Monster\.m2\repository\ch\qos\logback\logback-classic\1.2.3\logback-classic-1.2.3.jar;C:\Users\Monster\.m2\repository\ch\qos\logback\logback-core\1.2.3\logback-core-1.2.3.jar;C:\Users\Monster\.m2\repository\org\apache\logging\log4j\log4j-to-slf4j\2.13.3\log4j-to-slf4j-2.13.3.jar;C:\Users\Monster\.m2\repository\org\apache\logging\log4j\log4j-api\2.13.3\log4j-api-2.13.3.jar;C:\Users\Monster\.m2\repository\org\slf4j\jul-to-slf4j\1.7.30\jul-to-slf4j-1.7.30.jar;C:\Users\Monster\.m2\repository\jakarta\annotation\jakarta.annotation-api\1.3.5\jakarta.annotation-api-1.3.5.jar;C:\Users\Monster\.m2\repository\org\yaml\snakeyaml\1.26\snakeyaml-1.26.jar;C:\Users\Monster\.m2\repository\org\springframework\boot\spring-boot-actuator-autoconfigure\2.3.6.RELEASE\spring-boot-actuator-autoconfigure-2.3.6.RELEASE.jar;C:\Users\Monster\.m2\repository\org\springframework\boot\spring-boot-actuator\2.3.6.RELEASE\spring-boot-actuator-2.3.6.RELEASE.jar;C:\Users\Monster\.m2\repository\com\fasterxml\jackson\core\jackson-databind\2.11.3\jackson-databind-2.11.3.jar;C:\Users\Monster\.m2\repository\com\fasterxml\jackson\datatype\jackson-datatype-jsr310\2.11.3\jackson-datatype-jsr310-2.11.3.jar;C:\Users\Monster\.m2\repository\io\micrometer\micrometer-core\1.5.7\micrometer-core-1.5.7.jar;C:\Users\Monster\.m2\repository\org\hdrhistogram\HdrHistogram\2.1.12\HdrHistogram-2.1.12.jar;C:\Users\Monster\.m2\repository\org\latencyutils\LatencyUtils\2.0.3\LatencyUtils-2.0.3.jar;C:\Users\Monster\.m2\repository\org\springfr
Launcher Type: SUN_STANDARD

[Global flags]
     intx CICompilerCount                          = 2                                         {product} {ergonomic}
     uint ConcGCThreads                            = 1                                         {product} {ergonomic}
     uint G1ConcRefinementThreads                  = 2                                         {product} {ergonomic}
   size_t G1HeapRegionSize                         = 1048576                                   {product} {ergonomic}
    uintx GCDrainStackTargetSize                   = 64                                        {product} {ergonomic}
   size_t InitialHeapSize                          = 67108864                                  {product} {ergonomic}
     bool ManagementServer                         = true                                      {product} {command line}
   size_t MarkStackSize                            = 4194304                                   {product} {ergonomic}
   size_t MaxHeapSize                              = 1065353216                                {product} {ergonomic}
   size_t MaxNewSize                               = 638582784                                 {product} {ergonomic}
   size_t MinHeapDeltaBytes                        = 1048576                                   {product} {ergonomic}
   size_t MinHeapSize                              = 8388608                                   {product} {ergonomic}
    uintx NonNMethodCodeHeapSize                   = 6396312                                {pd product} {ergonomic}
    uintx NonProfiledCodeHeapSize                  = 245261928                              {pd product} {ergonomic}
    uintx ProfiledCodeHeapSize                     = 0                                      {pd product} {ergonomic}
    uintx ReservedCodeCacheSize                    = 251658240                              {pd product} {ergonomic}
     bool SegmentedCodeCache                       = true                                      {product} {ergonomic}
   size_t SoftMaxHeapSize                          = 1065353216                             {manageable} {ergonomic}
     intx TieredStopAtLevel                        = 1                                         {product} {command line}
     bool UseCompressedClassPointers               = true                                 {lp64_product} {ergonomic}
     bool UseCompressedOops                        = true                                 {lp64_product} {ergonomic}
     bool UseG1GC                                  = true                                      {product} {ergonomic}
     bool UseLargePagesIndividualAllocation        = false                                  {pd product} {ergonomic}

Logging:
Log output configuration:
 #0: stdout all=warning uptime,level,tags
 #1: stderr all=off uptime,level,tags

Environment Variables:
PATH=C:\Program Files (x86)\Common Files\Oracle\Java\javapath;C:\Windows\system32;C:\Windows;C:\Windows\System32\Wbem;C:\Windows\System32\WindowsPowerShell\v1.0\;C:\Program Files\Git\cmd;C:\Program Files\Git\mingw64\bin;C:\Program Files\Git\usr\bin;C:\Program Files\nodejs\;C:\Users\Monster\AppData\Local\Programs\Python\Python37\Scripts\;C:\Users\Monster\AppData\Local\Programs\Python\Python37\;G:\Microsoft VS Code\bin;C:\Users\Monster\AppData\Roaming\npm
USERNAME=Monster
OS=Windows_NT
PROCESSOR_IDENTIFIER=Intel64 Family 6 Model 23 Stepping 10, GenuineIntel



---------------  S Y S T E M  ---------------

OS: Windows 8.1 , 64 bit Build 9600 (6.3.9600.19843)
OS uptime: 6 days 16:36 hours

CPU:total 2 (initial active 2) (2 cores per cpu, 1 threads per core) family 6 model 23 stepping 10, cmov, cx8, fxsr, mmx, sse, sse2, sse3, ssse3, tsc

Memory: 4k page, system-wide physical 4061M (136M free)
TotalPageFile size 7133M (AvailPageFile size 8M)
current process WorkingSet (physical memory assigned to process): 192M, peak: 192M
current process commit charge ("private bytes"): 229M, peak: 244M

vm_info: OpenJDK 64-Bit Server VM (14.0.1+7) for windows-amd64 JRE (14.0.1+7), built on Mar  5 2020 10:30:04 by "mach5one" with MS VC++ 15.9 (VS2017)

END.
